2022-07-14 09:08:08.772  INFO 748 --- [main] c.e.tradingapp.TradingAppApplication     : Starting TradingAppApplication using Java 17.0.3 on stone213 with PID 748 (C:\Users\DagnisGulbis\Desktop\workTraining\okx\okx\target\classes started by DagnisGulbis in C:\Users\DagnisGulbis\Desktop\workTraining\okx\okx)
2022-07-14 09:08:08.775  INFO 748 --- [main] c.e.tradingapp.TradingAppApplication     : No active profile set, falling back to 1 default profile: "default"
2022-07-14 09:08:09.666  INFO 748 --- [scheduling-1] c.e.t.s.ScheduledStrategyExecutor        : Executing
2022-07-14 09:08:09.671  INFO 748 --- [main] c.e.tradingapp.TradingAppApplication     : Started TradingAppApplication in 1.325 seconds (JVM running for 1.959)
2022-07-14 09:08:09.668  INFO 748 --- [scheduling-1] c.e.tradingapp.strategy.DummyStrategy    : Sending new order: OrderRequest(symbol=BTC-USDT, side=BUY, type=LIMIT, price=1.0, quantity=1.0E-4)
2022-07-14 09:08:09.738  INFO 748 --- [scheduling-1] c.e.t.trading.OkxOrderRequestEncoder     : OkxOrderRequest {"side":"buy","instId":"BTC-USDT","tdMode":"cash","ordType":"limit","px":1.0,"sz":0.00010}
2022-07-14 09:08:10.828  INFO 748 --- [scheduling-1] c.e.t.trading.OkxOrderRequestDecoder     : OkxResponse entity OkxResponse(code=0, data=[OkxResponseData(clientSuppliedOrderId=, orderId=467693798691319808, successCode=0, message=, orderTag=)], msg=)
2022-07-14 09:08:10.831  INFO 748 --- [scheduling-1] c.e.t.trading.RestNewOrderSender         : ResponseStatus: OrderResponseStatus(success=true, orderId=467693798691319808, errorCode=0, errorMessage=)
2022-07-14 09:08:14.677  INFO 748 --- [scheduling-1] c.e.t.s.ScheduledStrategyExecutor        : Executing
2022-07-14 09:08:14.678  INFO 748 --- [scheduling-1] c.e.tradingapp.strategy.DummyStrategy    : Sending new order: OrderRequest(symbol=BTC-USDT, side=BUY, type=LIMIT, price=1.0, quantity=1.0E-4)
2022-07-14 09:08:14.678  INFO 748 --- [scheduling-1] c.e.t.trading.OkxOrderRequestEncoder     : OkxOrderRequest {"side":"buy","instId":"BTC-USDT","tdMode":"cash","ordType":"limit","px":1.0,"sz":0.00010}
2022-07-14 09:08:15.060  INFO 748 --- [scheduling-1] c.e.t.trading.OkxOrderRequestDecoder     : OkxResponse entity OkxResponse(code=0, data=[OkxResponseData(clientSuppliedOrderId=, orderId=467693816668106752, successCode=0, message=, orderTag=)], msg=)
2022-07-14 09:08:15.060  INFO 748 --- [scheduling-1] c.e.t.trading.RestNewOrderSender         : ResponseStatus: OrderResponseStatus(success=true, orderId=467693816668106752, errorCode=0, errorMessage=)
2022-07-14 09:08:19.680  INFO 748 --- [scheduling-1] c.e.t.s.ScheduledStrategyExecutor        : Executing
2022-07-14 09:08:19.680  INFO 748 --- [scheduling-1] c.e.tradingapp.strategy.DummyStrategy    : Sending new order: OrderRequest(symbol=BTC-USDT, side=SELL, type=LIMIT, price=1.0, quantity=1.0E-4)
2022-07-14 09:08:19.681  INFO 748 --- [scheduling-1] c.e.t.trading.OkxOrderRequestEncoder     : OkxOrderRequest {"side":"sell","instId":"BTC-USDT","tdMode":"cash","ordType":"limit","px":1.0,"sz":0.00010}
2022-07-14 09:08:20.060  INFO 748 --- [scheduling-1] c.e.t.trading.OkxOrderRequestDecoder     : OkxResponse entity OkxResponse(code=1, data=[OkxResponseData(clientSuppliedOrderId=, orderId=, successCode=51008, message=Order placement failed due to insufficient balance , orderTag=)], msg=Operation failed.)
2022-07-14 09:08:20.061  INFO 748 --- [scheduling-1] c.e.t.trading.RestNewOrderSender         : ResponseStatus: OrderResponseStatus(success=false, orderId=, errorCode=51008, errorMessage=Order placement failed due to insufficient balance )
2022-07-14 09:08:20.061 ERROR 748 --- [scheduling-1] c.e.tradingapp.strategy.NewOrderPolicy   : Order not placed Order placement failed due to insufficient balance 
2022-07-14 09:08:24.674  INFO 748 --- [scheduling-1] c.e.t.s.ScheduledStrategyExecutor        : Executing
2022-07-14 09:08:24.675  INFO 748 --- [scheduling-1] c.e.tradingapp.strategy.DummyStrategy    : Sending new order: OrderRequest(symbol=BTC-USDT, side=BUY, type=LIMIT, price=1.0, quantity=1.0E-4)
2022-07-14 09:08:24.676  INFO 748 --- [scheduling-1] c.e.t.trading.OkxOrderRequestEncoder     : OkxOrderRequest {"side":"buy","instId":"BTC-USDT","tdMode":"cash","ordType":"limit","px":1.0,"sz":0.00010}
2022-07-14 09:08:25.040  INFO 748 --- [scheduling-1] c.e.t.trading.OkxOrderRequestDecoder     : OkxResponse entity OkxResponse(code=0, data=[OkxResponseData(clientSuppliedOrderId=, orderId=467693858510483456, successCode=0, message=, orderTag=)], msg=)
2022-07-14 09:08:25.040  INFO 748 --- [scheduling-1] c.e.t.trading.RestNewOrderSender         : ResponseStatus: OrderResponseStatus(success=true, orderId=467693858510483456, errorCode=0, errorMessage=)
2022-07-14 09:22:36.441  INFO 11648 --- [main] c.e.tradingapp.TradingAppApplication     : Starting TradingAppApplication using Java 17.0.3 on stone213 with PID 11648 (C:\Users\DagnisGulbis\Desktop\workTraining\okx\okx\target\classes started by DagnisGulbis in C:\Users\DagnisGulbis\Desktop\workTraining\okx\okx)
2022-07-14 09:22:36.442  INFO 11648 --- [main] c.e.tradingapp.TradingAppApplication     : No active profile set, falling back to 1 default profile: "default"
2022-07-14 09:22:36.957  INFO 11648 --- [scheduling-1] c.e.t.s.ScheduledStrategyExecutor        : Executing
2022-07-14 09:22:36.961  INFO 11648 --- [main] c.e.tradingapp.TradingAppApplication     : Started TradingAppApplication in 0.807 seconds (JVM running for 1.248)
2022-07-14 09:22:36.958  INFO 11648 --- [scheduling-1] c.e.tradingapp.strategy.DummyStrategy    : Sending new order: OrderRequest(symbol=BTC-USDT, side=BUY, type=LIMIT, price=1.0, quantity=1.0E-4)
2022-07-14 09:22:37.018  INFO 11648 --- [scheduling-1] c.e.t.trading.OkxOrderRequestEncoder     : OkxOrderRequest {"side":"buy","instId":"BTC-USDT","tdMode":"cash","ordType":"limit","px":1.0,"sz":0.00010}
2022-07-14 09:22:37.751  INFO 11648 --- [scheduling-1] c.e.t.trading.OkxOrderRequestDecoder     : OkxResponse entity OkxResponse(code=0, data=[OkxResponseData(clientSuppliedOrderId=, orderId=467697434704097280, successCode=0, message=, orderTag=)], msg=)
2022-07-14 09:22:37.753  INFO 11648 --- [scheduling-1] c.e.t.trading.RestNewOrderSender         : ResponseStatus: OrderResponseStatus(success=true, orderId=467697434704097280, errorCode=0, errorMessage=)
2022-07-14 09:22:37.757  INFO 11648 --- [scheduling-1] c.e.tradingapp.trading.OkxOrderTracker   : Created New Order: Order(status=New, symbol=BTC-USDT, side=BUY, type=LIMIT, price=1.0, quantity=1.0E-4)
2022-07-14 09:22:41.966  INFO 11648 --- [scheduling-1] c.e.t.s.ScheduledStrategyExecutor        : Executing
2022-07-14 09:22:41.966  INFO 11648 --- [scheduling-1] c.e.tradingapp.strategy.DummyStrategy    : Sending new order: OrderRequest(symbol=BTC-USDT, side=SELL, type=LIMIT, price=1.0, quantity=1.0E-4)
2022-07-14 09:22:41.967  INFO 11648 --- [scheduling-1] c.e.t.trading.OkxOrderRequestEncoder     : OkxOrderRequest {"side":"sell","instId":"BTC-USDT","tdMode":"cash","ordType":"limit","px":1.0,"sz":0.00010}
2022-07-14 09:22:42.342  INFO 11648 --- [scheduling-1] c.e.t.trading.OkxOrderRequestDecoder     : OkxResponse entity OkxResponse(code=1, data=[OkxResponseData(clientSuppliedOrderId=, orderId=, successCode=51008, message=Order placement failed due to insufficient balance , orderTag=)], msg=Operation failed.)
2022-07-14 09:22:42.342  INFO 11648 --- [scheduling-1] c.e.t.trading.RestNewOrderSender         : ResponseStatus: OrderResponseStatus(success=false, orderId=, errorCode=51008, errorMessage=Order placement failed due to insufficient balance )
2022-07-14 09:22:42.343 ERROR 11648 --- [scheduling-1] c.e.tradingapp.strategy.NewOrderPolicy   : Order not placed Order placement failed due to insufficient balance 
2022-07-14 09:22:46.969  INFO 11648 --- [scheduling-1] c.e.t.s.ScheduledStrategyExecutor        : Executing
2022-07-14 09:22:46.970  INFO 11648 --- [scheduling-1] c.e.tradingapp.strategy.DummyStrategy    : Sending new order: OrderRequest(symbol=BTC-USDT, side=BUY, type=LIMIT, price=1.0, quantity=1.0E-4)
2022-07-14 09:22:46.971  INFO 11648 --- [scheduling-1] c.e.t.trading.OkxOrderRequestEncoder     : OkxOrderRequest {"side":"buy","instId":"BTC-USDT","tdMode":"cash","ordType":"limit","px":1.0,"sz":0.00010}
2022-07-14 09:22:47.362  INFO 11648 --- [scheduling-1] c.e.t.trading.OkxOrderRequestDecoder     : OkxResponse entity OkxResponse(code=0, data=[OkxResponseData(clientSuppliedOrderId=, orderId=467697475229462542, successCode=0, message=, orderTag=)], msg=)
2022-07-14 09:22:47.363  INFO 11648 --- [scheduling-1] c.e.t.trading.RestNewOrderSender         : ResponseStatus: OrderResponseStatus(success=true, orderId=467697475229462542, errorCode=0, errorMessage=)
2022-07-14 09:22:47.363  INFO 11648 --- [scheduling-1] c.e.tradingapp.trading.OkxOrderTracker   : Created New Order: Order(status=New, symbol=BTC-USDT, side=BUY, type=LIMIT, price=1.0, quantity=1.0E-4)
2022-07-14 09:22:51.968  INFO 11648 --- [scheduling-1] c.e.t.s.ScheduledStrategyExecutor        : Executing
2022-07-14 09:22:51.969  INFO 11648 --- [scheduling-1] c.e.tradingapp.strategy.DummyStrategy    : Sending new order: OrderRequest(symbol=BTC-USDT, side=BUY, type=LIMIT, price=1.0, quantity=1.0E-4)
2022-07-14 09:22:51.970  INFO 11648 --- [scheduling-1] c.e.t.trading.OkxOrderRequestEncoder     : OkxOrderRequest {"side":"buy","instId":"BTC-USDT","tdMode":"cash","ordType":"limit","px":1.0,"sz":0.00010}
2022-07-14 09:22:52.422  INFO 11648 --- [scheduling-1] c.e.t.trading.OkxOrderRequestDecoder     : OkxResponse entity OkxResponse(code=0, data=[OkxResponseData(clientSuppliedOrderId=, orderId=467697496356171821, successCode=0, message=, orderTag=)], msg=)
2022-07-14 09:22:52.422  INFO 11648 --- [scheduling-1] c.e.t.trading.RestNewOrderSender         : ResponseStatus: OrderResponseStatus(success=true, orderId=467697496356171821, errorCode=0, errorMessage=)
2022-07-14 09:22:52.422  INFO 11648 --- [scheduling-1] c.e.tradingapp.trading.OkxOrderTracker   : Created New Order: Order(status=New, symbol=BTC-USDT, side=BUY, type=LIMIT, price=1.0, quantity=1.0E-4)
2022-07-14 09:22:56.972  INFO 11648 --- [scheduling-1] c.e.t.s.ScheduledStrategyExecutor        : Executing
2022-07-14 09:22:56.972  INFO 11648 --- [scheduling-1] c.e.tradingapp.strategy.DummyStrategy    : Sending new order: OrderRequest(symbol=BTC-USDT, side=BUY, type=LIMIT, price=1.0, quantity=1.0E-4)
2022-07-14 09:22:56.972  INFO 11648 --- [scheduling-1] c.e.t.trading.OkxOrderRequestEncoder     : OkxOrderRequest {"side":"buy","instId":"BTC-USDT","tdMode":"cash","ordType":"limit","px":1.0,"sz":0.00010}
2022-07-14 09:22:57.362  INFO 11648 --- [scheduling-1] c.e.t.trading.OkxOrderRequestDecoder     : OkxResponse entity OkxResponse(code=0, data=[OkxResponseData(clientSuppliedOrderId=, orderId=467697517176696832, successCode=0, message=, orderTag=)], msg=)
2022-07-14 09:22:57.362  INFO 11648 --- [scheduling-1] c.e.t.trading.RestNewOrderSender         : ResponseStatus: OrderResponseStatus(success=true, orderId=467697517176696832, errorCode=0, errorMessage=)
2022-07-14 09:22:57.362  INFO 11648 --- [scheduling-1] c.e.tradingapp.trading.OkxOrderTracker   : Created New Order: Order(status=New, symbol=BTC-USDT, side=BUY, type=LIMIT, price=1.0, quantity=1.0E-4)
